<?xml version="1.0" encoding="UTF-8"?>
<robot generator="Robot 3.1.1 (Python 3.7.2 on win32)" generated="20190322 12:19:38.853" rpa="false">
<suite id="s1" name="Amazon" source="C:\development\robot-scripts\amazon\Tests\Amazon.robot">
<test id="s1-t1" name="User must sign in to check out">
<kw name="Open Browser" library="SeleniumLibrary">
<doc>Opens a new browser instance to the given ``url``.</doc>
<arguments>
<arg>http://www.amazon.com</arg>
<arg>chrome</arg>
</arguments>
<msg timestamp="20190322 12:19:39.095" level="INFO">Opening browser 'chrome' to base url 'http://www.amazon.com'.</msg>
<status status="PASS" starttime="20190322 12:19:39.095" endtime="20190322 12:19:43.842"></status>
</kw>
<kw name="Close Browser" library="SeleniumLibrary">
<doc>Closes the current browser.</doc>
<status status="PASS" starttime="20190322 12:19:43.843" endtime="20190322 12:19:46.211"></status>
</kw>
<doc>This is a basic info about the whole script</doc>
<tags>
<tag>Smoke</tag>
</tags>
<status status="PASS" starttime="20190322 12:19:39.093" endtime="20190322 12:19:46.212" critical="yes"></status>
</test>
<doc>This is a basic info about the whole script</doc>
<status status="PASS" starttime="20190322 12:19:38.856" endtime="20190322 12:19:46.214"></status>
</suite>
<statistics>
<total>
<stat pass="1" fail="0">Critical Tests</stat>
<stat pass="1" fail="0">All Tests</stat>
</total>
<tag>
<stat pass="1" fail="0">Smoke</stat>
</tag>
<suite>
<stat pass="1" fail="0" id="s1" name="Amazon">Amazon</stat>
</suite>
</statistics>
<errors>
</errors>
</robot>
